2026-03-28 14:56:09,922 - AutoLogin - INFO - 成功获取登录页面
2026-03-28 14:56:09,976 - AutoLogin - INFO - pageInfo 响应解析成功
2026-03-28 14:56:09,992 - AutoLogin - INFO - 服务列表获取成功
2026-03-28 14:56:10,007 - AutoLogin - DEBUG - 密码已加密
2026-03-28 14:56:10,029 - AutoLogin - ERROR - 登录失败: WEB认证设备未注册，请确认SAM+/portal/设备上的参数配置是否一致
2026-03-28 14:56:13,027 - AutoLogin - INFO - 成功获取登录页面
2026-03-28 14:56:13,038 - AutoLogin - INFO - pageInfo 响应解析成功
2026-03-28 14:56:13,049 - AutoLogin - INFO - 服务列表获取成功
2026-03-28 14:56:13,064 - AutoLogin - INFO - 已经在线，不需要登录
2026-03-28 14:57:11,276 - AutoLogin - INFO - 成功获取登录页面
2026-03-28 14:57:11,304 - AutoLogin - INFO - pageInfo 响应解析成功
2026-03-28 14:57:11,316 - AutoLogin - INFO - 服务列表获取成功
2026-03-28 14:57:11,332 - AutoLogin - DEBUG - 密码已加密
2026-03-28 14:57:11,352 - AutoLogin - ERROR - 登录失败: WEB认证设备未注册，请确认SAM+/portal/设备上的参数配置是否一致
2026-03-28 14:57:13,665 - AutoLogin - INFO - 成功获取登录页面
2026-03-28 14:57:13,677 - AutoLogin - INFO - pageInfo 响应解析成功
2026-03-28 14:57:13,682 - AutoLogin - INFO - 服务列表获取成功
2026-03-28 14:57:13,694 - AutoLogin - INFO - 已经在线，不需要登录
2026-03-28 14:57:53,370 - AutoLogin - INFO - 成功获取登录页面
2026-03-28 14:57:53,373 - AutoLogin - INFO - pageInfo 响应解析成功
2026-03-28 14:57:53,389 - AutoLogin - INFO - 服务列表获取成功
2026-03-28 14:57:53,404 - AutoLogin - DEBUG - 密码已加密
2026-03-28 14:57:53,538 - AutoLogin - INFO - 登录成功
2026-03-28 15:03:26,766 - AutoLogin - INFO - 成功获取登录页面
2026-03-28 15:03:26,778 - AutoLogin - INFO - pageInfo 响应解析成功
2026-03-28 15:03:26,790 - AutoLogin - INFO - 服务列表获取成功
2026-03-28 15:03:26,800 - AutoLogin - DEBUG - 密码已加密
2026-03-28 15:03:26,946 - AutoLogin - INFO - 登录成功
2026-03-28 15:04:26,719 - AutoLogin - INFO - 成功获取登录页面
2026-03-28 15:04:26,730 - AutoLogin - INFO - pageInfo 响应解析成功
2026-03-28 15:04:26,739 - AutoLogin - INFO - 服务列表获取成功
2026-03-28 15:04:26,755 - AutoLogin - INFO - 已经在线，不需要登录
2026-03-28 15:16:53,378 - AutoLogin - INFO - 成功获取登录页面
2026-03-28 15:16:53,440 - AutoLogin - INFO - pageInfo 响应解析成功
2026-03-28 15:16:53,456 - AutoLogin - INFO - 服务列表获取成功
2026-03-28 15:16:53,478 - AutoLogin - DEBUG - 密码已加密
2026-03-28 15:16:53,478 - AutoLogin - ERROR - 登录失败: WEB认证设备未注册，请确认SAM+/portal/设备上的参数配置是否一致
2026-03-28 15:16:55,514 - AutoLogin - INFO - 成功获取登录页面
2026-03-28 15:16:55,530 - AutoLogin - INFO - pageInfo 响应解析成功
2026-03-28 15:16:55,546 - AutoLogin - INFO - 服务列表获取成功
2026-03-28 15:16:55,557 - AutoLogin - INFO - 已经在线，不需要登录
2026-03-28 15:17:53,404 - AutoLogin - INFO - 成功获取登录页面
2026-03-28 15:17:53,415 - AutoLogin - INFO - pageInfo 响应解析成功
2026-03-28 15:17:53,423 - AutoLogin - INFO - 服务列表获取成功
2026-03-28 15:17:53,441 - AutoLogin - INFO - 已经在线，不需要登录
2026-03-28 15:18:53,413 - AutoLogin - INFO - 成功获取登录页面
2026-03-28 15:18:53,426 - AutoLogin - INFO - pageInfo 响应解析成功
2026-03-28 15:18:53,435 - AutoLogin - INFO - 服务列表获取成功
2026-03-28 15:18:53,452 - AutoLogin - INFO - 已经在线，不需要登录
2026-03-28 15:19:53,424 - AutoLogin - INFO - 成功获取登录页面
2026-03-28 15:19:53,436 - AutoLogin - INFO - pageInfo 响应解析成功
2026-03-28 15:19:53,447 - AutoLogin - INFO - 服务列表获取成功
2026-03-28 15:19:53,464 - AutoLogin - INFO - 已经在线，不需要登录
2026-03-28 15:21:36,441 - AutoLogin - INFO - 成功获取登录页面
2026-03-28 15:21:36,499 - AutoLogin - INFO - pageInfo 响应解析成功
2026-03-28 15:21:36,508 - AutoLogin - INFO - 服务列表获取成功
2026-03-28 15:21:36,524 - AutoLogin - INFO - 已经在线，不需要登录
2026-03-28 15:22:36,451 - AutoLogin - INFO - 成功获取登录页面
2026-03-28 15:22:36,465 - AutoLogin - INFO - pageInfo 响应解析成功
2026-03-28 15:22:36,476 - AutoLogin - INFO - 服务列表获取成功
2026-03-28 15:22:36,492 - AutoLogin - DEBUG - 密码已加密
2026-03-28 15:22:36,510 - AutoLogin - ERROR - 登录失败: WEB认证设备未注册，请确认SAM+/portal/设备上的参数配置是否一致
2026-03-28 15:22:38,535 - AutoLogin - INFO - 成功获取登录页面
2026-03-28 15:22:38,551 - AutoLogin - INFO - pageInfo 响应解析成功
2026-03-28 15:22:38,566 - AutoLogin - INFO - 服务列表获取成功
2026-03-28 15:22:38,566 - AutoLogin - INFO - 已经在线，不需要登录
2026-03-28 15:23:36,448 - AutoLogin - INFO - 成功获取登录页面
2026-03-28 15:23:36,464 - AutoLogin - INFO - pageInfo 响应解析成功
2026-03-28 15:23:36,479 - AutoLogin - INFO - 服务列表获取成功
2026-03-28 15:23:36,501 - AutoLogin - INFO - 已经在线，不需要登录
2026-03-28 15:24:36,462 - AutoLogin - INFO - 成功获取登录页面
2026-03-28 15:24:36,474 - AutoLogin - INFO - pageInfo 响应解析成功
2026-03-28 15:24:36,485 - AutoLogin - INFO - 服务列表获取成功
2026-03-28 15:24:36,501 - AutoLogin - INFO - 已经在线，不需要登录
2026-03-28 15:25:36,475 - AutoLogin - INFO - 成功获取登录页面
2026-03-28 15:25:36,488 - AutoLogin - INFO - pageInfo 响应解析成功
2026-03-28 15:25:36,500 - AutoLogin - INFO - 服务列表获取成功
2026-03-28 15:25:36,516 - AutoLogin - INFO - 已经在线，不需要登录
2026-03-28 15:26:36,541 - AutoLogin - INFO - 成功获取登录页面
2026-03-28 15:26:36,552 - AutoLogin - INFO - pageInfo 响应解析成功
2026-03-28 15:26:36,562 - AutoLogin - INFO - 服务列表获取成功
2026-03-28 15:26:36,576 - AutoLogin - INFO - 已经在线，不需要登录
2026-03-28 15:27:00,462 - AutoLogin - INFO - 成功获取登录页面
2026-03-28 15:27:00,524 - AutoLogin - INFO - pageInfo 响应解析成功
2026-03-28 15:27:00,534 - AutoLogin - INFO - 服务列表获取成功
2026-03-28 15:27:00,549 - AutoLogin - DEBUG - 密码已加密
2026-03-28 15:27:00,563 - AutoLogin - ERROR - 登录失败: WEB认证设备未注册，请确认SAM+/portal/设备上的参数配置是否一致
2026-03-28 15:27:02,580 - AutoLogin - INFO - 成功获取登录页面
2026-03-28 15:27:02,602 - AutoLogin - INFO - pageInfo 响应解析成功
2026-03-28 15:27:02,602 - AutoLogin - INFO - 服务列表获取成功
2026-03-28 15:27:02,633 - AutoLogin - INFO - 已经在线，不需要登录
2026-03-28 15:27:50,402 - AutoLogin - INFO - 成功获取登录页面
2026-03-28 15:27:50,414 - AutoLogin - INFO - pageInfo 响应解析成功
2026-03-28 15:27:50,427 - AutoLogin - INFO - 服务列表获取成功
2026-03-28 15:27:50,441 - AutoLogin - INFO - 已经在线，不需要登录
2026-03-28 15:28:50,409 - AutoLogin - INFO - 成功获取登录页面
2026-03-28 15:28:50,413 - AutoLogin - INFO - pageInfo 响应解析成功
2026-03-28 15:28:50,429 - AutoLogin - INFO - 服务列表获取成功
2026-03-28 15:28:50,448 - AutoLogin - INFO - 已经在线，不需要登录
2026-03-28 15:29:50,413 - AutoLogin - INFO - 成功获取登录页面
2026-03-28 15:29:50,424 - AutoLogin - INFO - pageInfo 响应解析成功
2026-03-28 15:29:50,434 - AutoLogin - INFO - 服务列表获取成功
2026-03-28 15:29:50,448 - AutoLogin - INFO - 已经在线，不需要登录
2026-03-28 15:32:35,345 - AutoLogin - INFO - 成功获取登录页面
2026-03-28 15:32:35,405 - AutoLogin - INFO - pageInfo 响应解析成功
2026-03-28 15:32:35,416 - AutoLogin - INFO - 服务列表获取成功
2026-03-28 15:32:35,431 - AutoLogin - DEBUG - 密码已加密
2026-03-28 15:32:35,451 - AutoLogin - ERROR - 登录失败: WEB认证设备未注册，请确认SAM+/portal/设备上的参数配置是否一致
2026-03-28 15:32:37,485 - AutoLogin - INFO - 成功获取登录页面
2026-03-28 15:32:37,497 - AutoLogin - INFO - pageInfo 响应解析成功
2026-03-28 15:32:37,508 - AutoLogin - INFO - 服务列表获取成功
2026-03-28 15:32:37,524 - AutoLogin - INFO - 已经在线，不需要登录
2026-03-28 15:33:35,349 - AutoLogin - INFO - 成功获取登录页面
2026-03-28 15:33:35,358 - AutoLogin - INFO - pageInfo 响应解析成功
2026-03-28 15:33:35,378 - AutoLogin - INFO - 服务列表获取成功
2026-03-28 15:33:35,394 - AutoLogin - INFO - 已经在线，不需要登录
2026-03-28 15:33:59,598 - AutoLogin - INFO - 成功获取登录页面
2026-03-28 15:33:59,613 - AutoLogin - INFO - pageInfo 响应解析成功
2026-03-28 15:33:59,629 - AutoLogin - INFO - 服务列表获取成功
2026-03-28 15:33:59,645 - AutoLogin - INFO - 已经在线，不需要登录
2026-03-28 15:34:21,802 - AutoLogin - INFO - 成功获取登录页面
2026-03-28 15:34:21,854 - AutoLogin - INFO - pageInfo 响应解析成功
2026-03-28 15:34:21,872 - AutoLogin - INFO - 服务列表获取成功
2026-03-28 15:34:21,889 - AutoLogin - INFO - 已经在线，不需要登录
2026-03-28 15:35:55,056 - AutoLogin - INFO - 成功获取登录页面
2026-03-28 15:35:55,122 - AutoLogin - INFO - pageInfo 响应解析成功
2026-03-28 15:35:55,132 - AutoLogin - INFO - 服务列表获取成功
2026-03-28 15:35:55,147 - AutoLogin - INFO - 已经在线，不需要登录
2026-03-28 15:39:55,220 - AutoLogin - INFO - 成功获取登录页面
2026-03-28 15:39:55,280 - AutoLogin - INFO - pageInfo 响应解析成功
2026-03-28 15:39:55,287 - AutoLogin - INFO - 服务列表获取成功
2026-03-28 15:39:55,310 - AutoLogin - DEBUG - 密码已加密
2026-03-28 15:39:55,322 - AutoLogin - ERROR - 登录失败: WEB认证设备未注册，请确认SAM+/portal/设备上的参数配置是否一致
2026-03-28 15:39:57,356 - AutoLogin - INFO - 成功获取登录页面
2026-03-28 15:39:57,368 - AutoLogin - INFO - pageInfo 响应解析成功
2026-03-28 15:39:57,379 - AutoLogin - INFO - 服务列表获取成功
2026-03-28 15:39:57,395 - AutoLogin - INFO - 已经在线，不需要登录
2026-03-28 15:40:53,405 - AutoLogin - INFO - 成功获取登录页面
2026-03-28 15:40:53,470 - AutoLogin - INFO - pageInfo 响应解析成功
2026-03-28 15:40:53,481 - AutoLogin - INFO - 服务列表获取成功
2026-03-28 15:40:53,495 - AutoLogin - INFO - 已经在线，不需要登录
2026-03-28 15:43:50,718 - AutoLogin - INFO - 成功获取登录页面
2026-03-28 15:43:50,718 - AutoLogin - INFO - pageInfo 响应解析成功
2026-03-28 15:43:50,735 - AutoLogin - INFO - 服务列表获取成功
2026-03-28 15:43:50,751 - AutoLogin - DEBUG - 密码已加密
2026-03-28 15:43:50,769 - AutoLogin - ERROR - 登录失败: WEB认证设备未注册，请确认SAM+/portal/设备上的参数配置是否一致
2026-03-28 15:43:52,820 - AutoLogin - INFO - 成功获取登录页面
2026-03-28 15:43:52,834 - AutoLogin - INFO - pageInfo 响应解析成功
2026-03-28 15:43:52,846 - AutoLogin - INFO - 服务列表获取成功
2026-03-28 15:43:52,862 - AutoLogin - INFO - 已经在线，不需要登录
2026-03-28 15:46:31,484 - AutoLogin - INFO - 成功获取登录页面
2026-03-28 15:46:31,485 - AutoLogin - INFO - pageInfo 响应解析成功
2026-03-28 15:46:31,501 - AutoLogin - INFO - 服务列表获取成功
2026-03-28 15:46:31,516 - AutoLogin - INFO - 已经在线，不需要登录
2026-03-28 15:49:59,434 - AutoLogin - INFO - 成功获取登录页面
2026-03-28 15:49:59,520 - AutoLogin - INFO - pageInfo 响应解析成功
2026-03-28 15:49:59,523 - AutoLogin - INFO - 服务列表获取成功
2026-03-28 15:49:59,536 - AutoLogin - DEBUG - 密码已加密
2026-03-28 15:49:59,568 - AutoLogin - ERROR - 登录失败: WEB认证设备未注册，请确认SAM+/portal/设备上的参数配置是否一致
2026-03-28 15:50:01,610 - AutoLogin - INFO - 成功获取登录页面
2026-03-28 15:50:01,626 - AutoLogin - INFO - pageInfo 响应解析成功
2026-03-28 15:50:01,635 - AutoLogin - INFO - 服务列表获取成功
2026-03-28 15:50:01,658 - AutoLogin - INFO - 已经在线，不需要登录
2026-03-28 15:50:04,798 - AutoLogin - INFO - 成功获取登录页面
2026-03-28 15:50:04,813 - AutoLogin - INFO - pageInfo 响应解析成功
2026-03-28 15:50:04,829 - AutoLogin - INFO - 服务列表获取成功
2026-03-28 15:50:04,846 - AutoLogin - INFO - 已经在线，不需要登录
2026-03-28 15:52:11,349 - AutoLogin - INFO - 成功获取登录页面
2026-03-28 15:52:11,413 - AutoLogin - INFO - pageInfo 响应解析成功
2026-03-28 15:52:11,424 - AutoLogin - INFO - 服务列表获取成功
2026-03-28 15:52:11,442 - AutoLogin - DEBUG - 密码已加密
2026-03-28 15:52:11,459 - AutoLogin - ERROR - 登录失败: WEB认证设备未注册，请确认SAM+/portal/设备上的参数配置是否一致
2026-03-28 15:52:13,496 - AutoLogin - INFO - 成功获取登录页面
2026-03-28 15:52:13,502 - AutoLogin - INFO - pageInfo 响应解析成功
2026-03-28 15:52:13,519 - AutoLogin - INFO - 服务列表获取成功
2026-03-28 15:52:13,535 - AutoLogin - INFO - 已经在线，不需要登录
2026-03-28 15:52:18,563 - AutoLogin - INFO - 成功获取登录页面
2026-03-28 15:52:18,563 - AutoLogin - INFO - pageInfo 响应解析成功
2026-03-28 15:52:18,578 - AutoLogin - INFO - 服务列表获取成功
2026-03-28 15:52:18,600 - AutoLogin - INFO - 已经在线，不需要登录
2026-03-28 15:52:24,042 - AutoLogin - INFO - 成功获取登录页面
2026-03-28 15:52:24,062 - AutoLogin - INFO - pageInfo 响应解析成功
2026-03-28 15:52:24,067 - AutoLogin - INFO - 服务列表获取成功
2026-03-28 15:52:24,083 - AutoLogin - INFO - 已经在线，不需要登录
2026-03-28 16:03:46,371 - AutoLogin - INFO - 成功获取登录页面
2026-03-28 16:03:46,419 - AutoLogin - INFO - pageInfo 响应解析成功
2026-03-28 16:03:46,436 - AutoLogin - INFO - 服务列表获取成功
2026-03-28 16:03:46,454 - AutoLogin - DEBUG - 密码已加密
2026-03-28 16:03:46,470 - AutoLogin - ERROR - 登录失败: WEB认证设备未注册，请确认SAM+/portal/设备上的参数配置是否一致
2026-03-28 16:03:48,505 - AutoLogin - INFO - 成功获取登录页面
2026-03-28 16:03:48,521 - AutoLogin - INFO - pageInfo 响应解析成功
2026-03-28 16:03:48,532 - AutoLogin - INFO - 服务列表获取成功
2026-03-28 16:03:48,546 - AutoLogin - INFO - 已经在线，不需要登录
2026-03-28 16:11:52,211 - AutoLogin - INFO - 成功获取登录页面
2026-03-28 16:11:52,268 - AutoLogin - INFO - pageInfo 响应解析成功
2026-03-28 16:11:52,278 - AutoLogin - INFO - 服务列表获取成功
2026-03-28 16:11:52,293 - AutoLogin - DEBUG - 密码已加密
2026-03-28 16:11:52,306 - AutoLogin - ERROR - 登录失败: WEB认证设备未注册，请确认SAM+/portal/设备上的参数配置是否一致
2026-03-28 16:11:54,336 - AutoLogin - INFO - 成功获取登录页面
2026-03-28 16:11:54,351 - AutoLogin - INFO - pageInfo 响应解析成功
2026-03-28 16:11:54,361 - AutoLogin - INFO - 服务列表获取成功
2026-03-28 16:11:54,377 - AutoLogin - INFO - 已经在线，不需要登录
2026-03-28 16:28:20,795 - AutoLogin - INFO - 成功获取登录页面
2026-03-28 16:28:20,855 - AutoLogin - INFO - pageInfo 响应解析成功
2026-03-28 16:28:20,865 - AutoLogin - INFO - 服务列表获取成功
2026-03-28 16:28:20,879 - AutoLogin - DEBUG - 密码已加密
2026-03-28 16:28:20,898 - AutoLogin - ERROR - 登录失败: WEB认证设备未注册，请确认SAM+/portal/设备上的参数配置是否一致
2026-03-28 16:28:22,931 - AutoLogin - INFO - 成功获取登录页面
2026-03-28 16:28:22,943 - AutoLogin - INFO - pageInfo 响应解析成功
2026-03-28 16:28:22,954 - AutoLogin - INFO - 服务列表获取成功
2026-03-28 16:28:22,969 - AutoLogin - INFO - 已经在线，不需要登录
2026-03-28 16:31:36,130 - AutoLogin - INFO - 成功获取登录页面
2026-03-28 16:31:36,188 - AutoLogin - INFO - pageInfo 响应解析成功
2026-03-28 16:31:36,197 - AutoLogin - INFO - 服务列表获取成功
2026-03-28 16:31:36,210 - AutoLogin - INFO - 已经在线，不需要登录
2026-03-28 16:32:42,263 - AutoLogin - INFO - 成功获取登录页面
2026-03-28 16:32:42,322 - AutoLogin - INFO - pageInfo 响应解析成功
2026-03-28 16:32:42,334 - AutoLogin - INFO - 服务列表获取成功
2026-03-28 16:32:42,349 - AutoLogin - DEBUG - 密码已加密
2026-03-28 16:32:42,365 - AutoLogin - ERROR - 登录失败: WEB认证设备未注册，请确认SAM+/portal/设备上的参数配置是否一致
2026-03-28 16:32:44,383 - AutoLogin - INFO - 成功获取登录页面
2026-03-28 16:32:44,399 - AutoLogin - INFO - pageInfo 响应解析成功
2026-03-28 16:32:44,399 - AutoLogin - INFO - 服务列表获取成功
2026-03-28 16:32:44,415 - AutoLogin - INFO - 已经在线，不需要登录
2026-03-28 16:33:46,512 - AutoLogin - INFO - 成功获取登录页面
2026-03-28 16:33:46,587 - AutoLogin - INFO - pageInfo 响应解析成功
2026-03-28 16:33:46,603 - AutoLogin - INFO - 服务列表获取成功
2026-03-28 16:33:46,622 - AutoLogin - INFO - 已经在线，不需要登录
2026-03-28 17:10:22,697 - AutoLogin - INFO - 成功获取登录页面
2026-03-28 17:10:22,754 - AutoLogin - INFO - pageInfo 响应解析成功
2026-03-28 17:10:22,764 - AutoLogin - INFO - 服务列表获取成功
2026-03-28 17:10:22,778 - AutoLogin - DEBUG - 密码已加密
2026-03-28 17:10:22,794 - AutoLogin - ERROR - 登录失败: WEB认证设备未注册，请确认SAM+/portal/设备上的参数配置是否一致
2026-03-28 17:10:24,832 - AutoLogin - INFO - 成功获取登录页面
2026-03-28 17:10:24,845 - AutoLogin - INFO - pageInfo 响应解析成功
2026-03-28 17:10:24,856 - AutoLogin - INFO - 服务列表获取成功
2026-03-28 17:10:24,871 - AutoLogin - INFO - 已经在线，不需要登录
